Tempo, CFL maximo, Elemento de CFL maximo, Pecle maximo, Elemento de Pecle maximo,
 0.1000E+000 0.1333E+001   590 0.9375E-002   590
 0.5010E+002 0.1343E+001   590 0.9440E-002   590
 0.5010E+002 0.1343E+001   590 0.9440E-002   590
 0.5010E+002 0.1343E+001   590 0.9440E-002   590
 0.5010E+002 0.1343E+001   590 0.9440E-002   590
 0.1001E+003 0.1352E+001   590 0.9503E-002   590
 0.1001E+003 0.1352E+001   590 0.9504E-002   590
 0.1001E+003 0.1352E+001   590 0.9504E-002   590
 0.1001E+003 0.1352E+001   590 0.9504E-002   590
 0.1501E+003 0.1360E+001   590 0.9566E-002   590
 0.1501E+003 0.1360E+001   590 0.9566E-002   590
 0.1501E+003 0.1360E+001   590 0.9566E-002   590
 0.1501E+003 0.1360E+001   590 0.9566E-002   590
 0.2001E+003 0.1369E+001   590 0.9626E-002   590
 0.2001E+003 0.1369E+001   590 0.9626E-002   590
 0.2001E+003 0.1369E+001   590 0.9626E-002   590
 0.2001E+003 0.1369E+001   590 0.9626E-002   590
 0.2501E+003 0.1377E+001   590 0.9685E-002   590
 0.2501E+003 0.1377E+001   590 0.9685E-002   590
 0.2501E+003 0.1377E+001   590 0.9685E-002   590
 0.2501E+003 0.1377E+001   590 0.9685E-002   590
 0.3001E+003 0.1386E+001   590 0.9743E-002   590
 0.3001E+003 0.1386E+001   590 0.9743E-002   590
 0.3001E+003 0.1386E+001   590 0.9743E-002   590
 0.3001E+003 0.1386E+001   590 0.9743E-002   590
 0.3501E+003 0.1394E+001   590 0.9800E-002   590
 0.3501E+003 0.1394E+001   590 0.9800E-002   590
 0.3501E+003 0.1394E+001   590 0.9800E-002   590
 0.3501E+003 0.1394E+001   590 0.9800E-002   590
 0.4001E+003 0.1402E+001   590 0.9855E-002   590
 0.4001E+003 0.1402E+001   590 0.9855E-002   590
 0.4001E+003 0.1402E+001   590 0.9855E-002   590
 0.4001E+003 0.1402E+001   590 0.9855E-002   590
 0.4501E+003 0.1409E+001   590 0.9909E-002   590
 0.4501E+003 0.1409E+001   590 0.9909E-002   590
 0.4501E+003 0.1409E+001   590 0.9909E-002   590
 0.4501E+003 0.1409E+001   590 0.9909E-002   590
 0.5001E+003 0.1417E+001   590 0.9961E-002   590
 0.5001E+003 0.1417E+001   590 0.9961E-002   590
 0.5001E+003 0.1417E+001   590 0.9961E-002   590
 0.5001E+003 0.1417E+001   590 0.9961E-002   590
 0.5501E+003 0.1424E+001   590 0.1001E-001   590
 0.5501E+003 0.1424E+001   590 0.1001E-001   590
 0.5501E+003 0.1424E+001   590 0.1001E-001   590
 0.5501E+003 0.1424E+001   590 0.1001E-001   590
 0.6001E+003 0.1431E+001   590 0.1006E-001   590
 0.6001E+003 0.1431E+001   590 0.1006E-001   590
 0.6001E+003 0.1431E+001   590 0.1006E-001   590
 0.6001E+003 0.1431E+001   590 0.1006E-001   590
 0.6501E+003 0.1438E+001   590 0.1011E-001   590
 0.6501E+003 0.1438E+001   590 0.1011E-001   590
 0.6501E+003 0.1438E+001   590 0.1011E-001   590
 0.6501E+003 0.1438E+001   590 0.1011E-001   590
 0.7001E+003 0.1445E+001   590 0.1016E-001   590
 0.7001E+003 0.1445E+001   590 0.1016E-001   590
 0.7001E+003 0.1445E+001   590 0.1016E-001   590
 0.7001E+003 0.1445E+001   590 0.1016E-001   590
 0.7501E+003 0.1452E+001   590 0.1021E-001   590
 0.7501E+003 0.1452E+001   590 0.1021E-001   590
 0.7501E+003 0.1452E+001   590 0.1021E-001   590
 0.7501E+003 0.1452E+001   590 0.1021E-001   590
 0.8001E+003 0.1458E+001   590 0.1025E-001   590
 0.8001E+003 0.1458E+001   590 0.1025E-001   590
 0.8001E+003 0.1458E+001   590 0.1025E-001   590
 0.8001E+003 0.1458E+001   590 0.1025E-001   590
 0.8501E+003 0.1464E+001   590 0.1030E-001   590
 0.8501E+003 0.1464E+001   590 0.1030E-001   590
 0.8501E+003 0.1464E+001   590 0.1030E-001   590
 0.8501E+003 0.1464E+001   590 0.1030E-001   590
 0.9001E+003 0.1471E+001   590 0.1034E-001   590
 0.9001E+003 0.1471E+001   590 0.1034E-001   590
 0.9001E+003 0.1471E+001   590 0.1034E-001   590
 0.9001E+003 0.1471E+001   590 0.1034E-001   590
 0.9501E+003 0.1477E+001   590 0.1038E-001   590
 0.9501E+003 0.1477E+001   590 0.1038E-001   590
 0.9501E+003 0.1477E+001   590 0.1038E-001   590
 0.9501E+003 0.1477E+001   590 0.1038E-001   590
 0.1000E+004 0.1483E+001   590 0.1042E-001   590
 0.1000E+004 0.1483E+001   590 0.1042E-001   590
 0.1000E+004 0.1483E+001   590 0.1042E-001   590
 0.1000E+004 0.1483E+001   590 0.1042E-001   590
 0.1050E+004 0.1488E+001   590 0.1047E-001   590
 0.1050E+004 0.1488E+001   590 0.1047E-001   590
 0.1050E+004 0.1488E+001   590 0.1047E-001   590
 0.1050E+004 0.1488E+001   590 0.1047E-001   590
 0.1100E+004 0.1494E+001   590 0.1050E-001   590
 0.1100E+004 0.1494E+001   590 0.1050E-001   590
 0.1100E+004 0.1494E+001   590 0.1050E-001   590
 0.1100E+004 0.1494E+001   590 0.1050E-001   590
 0.1150E+004 0.1499E+001   590 0.1054E-001   590
 0.1150E+004 0.1499E+001   590 0.1054E-001   590
 0.1150E+004 0.1499E+001   590 0.1054E-001   590
 0.1150E+004 0.1499E+001   590 0.1054E-001   590
 0.1200E+004 0.1505E+001   590 0.1058E-001   590
 0.1200E+004 0.1505E+001   590 0.1058E-001   590
 0.1200E+004 0.1505E+001   590 0.1058E-001   590
 0.1200E+004 0.1505E+001   590 0.1058E-001   590
 0.1250E+004 0.1510E+001   590 0.1062E-001   590
 0.1250E+004 0.1510E+001   590 0.1062E-001   590
 0.1250E+004 0.1510E+001   590 0.1062E-001   590
 0.1250E+004 0.1510E+001   590 0.1062E-001   590
 0.1300E+004 0.1515E+001   590 0.1065E-001   590
 0.1300E+004 0.1515E+001   590 0.1065E-001   590
 0.1300E+004 0.1515E+001   590 0.1065E-001   590
 0.1300E+004 0.1515E+001   590 0.1065E-001   590
 0.1350E+004 0.1520E+001   590 0.1069E-001   590
 0.1350E+004 0.1520E+001   590 0.1069E-001   590
 0.1350E+004 0.1520E+001   590 0.1069E-001   590
 0.1350E+004 0.1520E+001   590 0.1069E-001   590
 0.1400E+004 0.1525E+001   690 0.1072E-001   690
 0.1400E+004 0.1525E+001   690 0.1072E-001   690
 0.1400E+004 0.1525E+001   690 0.1072E-001   690
 0.1400E+004 0.1525E+001   690 0.1072E-001   690
 0.1450E+004 0.1530E+001   690 0.1076E-001   690
 0.1450E+004 0.1530E+001   690 0.1076E-001   690
 0.1450E+004 0.1530E+001   690 0.1076E-001   690
 0.1450E+004 0.1530E+001   690 0.1076E-001   690
 0.1500E+004 0.1535E+001   690 0.1079E-001   690
 0.1500E+004 0.1535E+001   690 0.1079E-001   690
 0.1500E+004 0.1535E+001   690 0.1079E-001   690
 0.1500E+004 0.1535E+001   690 0.1079E-001   690
 0.1550E+004 0.1540E+001   690 0.1083E-001   690
 0.1550E+004 0.1540E+001   690 0.1083E-001   690
 0.1550E+004 0.1540E+001   690 0.1083E-001   690
 0.1550E+004 0.1540E+001   690 0.1083E-001   690
 0.1600E+004 0.1545E+001   690 0.1086E-001   690
 0.1600E+004 0.1545E+001   690 0.1086E-001   690
 0.1600E+004 0.1545E+001   690 0.1086E-001   690
 0.1600E+004 0.1545E+001   690 0.1086E-001   690
 0.1650E+004 0.1549E+001   690 0.1089E-001   690
 0.1650E+004 0.1549E+001   690 0.1089E-001   690
 0.1650E+004 0.1549E+001   690 0.1089E-001   690
 0.1650E+004 0.1549E+001   690 0.1089E-001   690
 0.1700E+004 0.1554E+001   690 0.1093E-001   690
 0.1700E+004 0.1554E+001   690 0.1093E-001   690
 0.1700E+004 0.1554E+001   690 0.1093E-001   690
 0.1700E+004 0.1554E+001   690 0.1093E-001   690
 0.1750E+004 0.1558E+001   690 0.1096E-001   690
 0.1750E+004 0.1558E+001   690 0.1096E-001   690
 0.1750E+004 0.1558E+001   690 0.1096E-001   690
 0.1750E+004 0.1558E+001   690 0.1096E-001   690
 0.1800E+004 0.1563E+001   690 0.1099E-001   690
 0.1800E+004 0.1563E+001   690 0.1099E-001   690
 0.1800E+004 0.1563E+001   690 0.1099E-001   690
 0.1800E+004 0.1563E+001   690 0.1099E-001   690
 0.1850E+004 0.1567E+001   690 0.1102E-001   690
 0.1850E+004 0.1567E+001   690 0.1102E-001   690
 0.1850E+004 0.1567E+001   690 0.1102E-001   690
 0.1850E+004 0.1567E+001   690 0.1102E-001   690
 0.1900E+004 0.1571E+001   790 0.1105E-001   790
 0.1900E+004 0.1571E+001   790 0.1105E-001   790
 0.1900E+004 0.1571E+001   790 0.1105E-001   790
 0.1900E+004 0.1571E+001   790 0.1105E-001   790
 0.1950E+004 0.1576E+001   790 0.1108E-001   790
 0.1950E+004 0.1576E+001   790 0.1108E-001   790
 0.1950E+004 0.1576E+001   790 0.1108E-001   790
 0.1950E+004 0.1576E+001   790 0.1108E-001   790
 0.2000E+004 0.1580E+001   790 0.1111E-001   790
 0.2000E+004 0.1580E+001   790 0.1111E-001   790
 0.2000E+004 0.1580E+001   790 0.1111E-001   790
 0.2000E+004 0.1580E+001   790 0.1111E-001   790
 0.2050E+004 0.1584E+001   790 0.1114E-001   790
 0.2050E+004 0.1584E+001   790 0.1114E-001   790
 0.2050E+004 0.1584E+001   790 0.1114E-001   790
 0.2050E+004 0.1584E+001   790 0.1114E-001   790
 0.2100E+004 0.1588E+001   790 0.1117E-001   790
 0.2100E+004 0.1588E+001   790 0.1117E-001   790
 0.2100E+004 0.1588E+001   790 0.1117E-001   790
 0.2100E+004 0.1588E+001   790 0.1117E-001   790
 0.2150E+004 0.1592E+001   790 0.1120E-001   790
 0.2150E+004 0.1592E+001   790 0.1120E-001   790
 0.2150E+004 0.1592E+001   790 0.1120E-001   790
 0.2150E+004 0.1592E+001   790 0.1120E-001   790
 0.2200E+004 0.1596E+001   790 0.1122E-001   790
 0.2200E+004 0.1596E+001   790 0.1122E-001   790
 0.2200E+004 0.1596E+001   790 0.1122E-001   790
 0.2200E+004 0.1596E+001   790 0.1122E-001   790
