T, CPU time 
  0.10000000000000001                         1
   50.100000000000442                       621
   100.09999999999859                      1239
   150.09999999999576                      1857
   200.09999999999292                      2476
   250.09999999999008                      3095
   300.09999999999974                      3714
   350.10000000001111                      4334
   400.10000000002248                      4955
   450.10000000003384                      5572
   500.10000000004521                      6191
   550.10000000005653                      6809
   600.10000000006789                      7426
   650.10000000007926                      8045
   700.10000000009063                      8664
   750.10000000010200                      9283
   800.10000000011337                      9903
   850.10000000012474                     10523
   900.10000000013611                     11143
   950.10000000014747                     11765
   1000.1000000001588                     12387
   1050.1000000001404                     13011
   1100.1000000000950                     13634
   1150.1000000000495                     14259
   1200.1000000000040                     14885
   1250.0999999999585                     15510
   1300.0999999999131                     16136
   1350.0999999998676                     16761
   1400.0999999998221                     17388
   1450.0999999997766                     18013
   1500.0999999997312                     18641
   1550.0999999996857                     19269
   1600.0999999996402                     19895
   1650.0999999995947                     20525
   1700.0999999995493                     21154
   1750.0999999995038                     21783
   1800.0999999994583                     22411
   1850.0999999994128                     23042
   1900.0999999993674                     23672
   1950.0999999993219                     24305
   2000.0999999992764                     24937
   2050.0999999992309                     25569
   2100.0999999991855                     26201
   2150.0999999991400                     26833
   2200.0999999990945                     27466
