Tempo, Pressao minima, Elemento de div(u) maximo, Pressao maxima, Elemento de div(u) minimo, Lambda =  0.1000E+008
 0.1000E+000 -0.3748E-002    40  0.3749E-002   940
 0.5010E+002 -0.2035E-001   100  0.2084E-001   920
 0.1001E+003 -0.2003E-001   100  0.2104E-001   920
 0.1501E+003 -0.1972E-001   100  0.2125E-001   920
 0.2001E+003 -0.1940E-001   100  0.2147E-001   920
 0.2501E+003 -0.1908E-001   100  0.2171E-001   920
 0.3001E+003 -0.1876E-001   100  0.2196E-001   920
 0.3501E+003 -0.1844E-001   100  0.2222E-001   920
 0.4001E+003 -0.1813E-001   100  0.2249E-001   920
 0.4501E+003 -0.1781E-001   100  0.2277E-001   920
 0.5001E+003 -0.1750E-001   100  0.2306E-001   920
 0.5501E+003 -0.1719E-001   100  0.2336E-001   920
 0.6001E+003 -0.1689E-001   100  0.2367E-001   920
 0.6501E+003 -0.1658E-001   100  0.2398E-001   920
 0.7001E+003 -0.1628E-001   100  0.2430E-001   920
 0.7501E+003 -0.1599E-001   100  0.2463E-001   920
 0.8001E+003 -0.1570E-001   100  0.2496E-001   920
 0.8501E+003 -0.1541E-001   100  0.2530E-001   930
 0.9001E+003 -0.1512E-001   100  0.2566E-001   930
 0.9501E+003 -0.1485E-001   100  0.2603E-001   930
 0.1000E+004 -0.1457E-001   100  0.2640E-001   930
 0.1050E+004 -0.1430E-001   100  0.2678E-001   930
 0.1100E+004 -0.1404E-001   100  0.2716E-001   930
 0.1150E+004 -0.1378E-001   100  0.2755E-001   930
 0.1200E+004 -0.1353E-001   100  0.2795E-001   930
 0.1250E+004 -0.1328E-001   100  0.2835E-001   930
 0.1300E+004 -0.1304E-001   100  0.2875E-001   930
 0.1350E+004 -0.1280E-001   100  0.2916E-001   930
 0.1400E+004 -0.1257E-001    10  0.2957E-001   930
 0.1450E+004 -0.1236E-001    10  0.2999E-001   930
 0.1500E+004 -0.1216E-001    10  0.3041E-001   930
 0.1550E+004 -0.1196E-001    10  0.3083E-001   930
 0.1600E+004 -0.1177E-001    10  0.3126E-001   930
 0.1650E+004 -0.1159E-001    10  0.3169E-001   930
 0.1700E+004 -0.1141E-001    10  0.3212E-001   930
 0.1750E+004 -0.1123E-001    10  0.3255E-001   930
 0.1800E+004 -0.1106E-001    10  0.3298E-001   930
 0.1850E+004 -0.1090E-001    10  0.3341E-001   930
 0.1900E+004 -0.1074E-001    10  0.3385E-001   930
 0.1950E+004 -0.1058E-001    10  0.3428E-001   930
 0.2000E+004 -0.1043E-001    10  0.3472E-001   930
 0.2050E+004 -0.1029E-001    10  0.3515E-001   930
 0.2100E+004 -0.1015E-001    10  0.3559E-001   930
 0.2150E+004 -0.1002E-001    10  0.3602E-001   930
 0.2200E+004 -0.9888E-002    10  0.3645E-001   930
