T, ABS(Ku - Ku_Ant)/Ku, ABS(Ku_Conv - Ku_Conv_Ant)/Ku_Conv, Ku_difus/Ku, Ku_convec/Ku 
 0.1000E+000 0.1000E+001 0.1000E+001 0.1000E+001 0.6076E-009
 0.5010E+002 0.5909E-005 0.4091E-002 0.1000E+001 0.4776E-003
 0.1001E+003 0.3937E-006 0.2081E-002 0.1001E+001 0.1998E-002
 0.1501E+003 0.3730E-005 0.1408E-002 0.1003E+001 0.4671E-002
 0.2001E+003 0.7432E-005 0.1070E-002 0.1005E+001 0.8586E-002
 0.2501E+003 0.1077E-004 0.8651E-003 0.1008E+001 0.1381E-001
 0.3001E+003 0.1375E-004 0.7276E-003 0.1012E+001 0.2040E-001
 0.3501E+003 0.1642E-004 0.6286E-003 0.1017E+001 0.2839E-001
 0.4001E+003 0.1879E-004 0.5536E-003 0.1023E+001 0.3779E-001
 0.4501E+003 0.2089E-004 0.4948E-003 0.1030E+001 0.4860E-001
 0.5001E+003 0.2273E-004 0.4474E-003 0.1037E+001 0.6082E-001
 0.5501E+003 0.2434E-004 0.4083E-003 0.1046E+001 0.7443E-001
 0.6001E+003 0.2574E-004 0.3754E-003 0.1056E+001 0.8939E-001
 0.6501E+003 0.2694E-004 0.3474E-003 0.1067E+001 0.1057E+000
 0.7001E+003 0.2797E-004 0.3232E-003 0.1079E+001 0.1232E+000
 0.7501E+003 0.2883E-004 0.3021E-003 0.1092E+001 0.1421E+000
 0.8001E+003 0.2956E-004 0.2836E-003 0.1106E+001 0.1621E+000
 0.8501E+003 0.3015E-004 0.2671E-003 0.1121E+001 0.1832E+000
 0.9001E+003 0.3062E-004 0.2524E-003 0.1136E+001 0.2055E+000
 0.9501E+003 0.3099E-004 0.2392E-003 0.1153E+001 0.2288E+000
 0.1000E+004 0.3126E-004 0.2273E-003 0.1170E+001 0.2531E+000
 0.1050E+004 0.3144E-004 0.2164E-003 0.1188E+001 0.2784E+000
 0.1100E+004 0.3154E-004 0.2065E-003 0.1207E+001 0.3046E+000
 0.1150E+004 0.3158E-004 0.1975E-003 0.1227E+001 0.3317E+000
 0.1200E+004 0.3155E-004 0.1891E-003 0.1248E+001 0.3596E+000
 0.1250E+004 0.3147E-004 0.1814E-003 0.1269E+001 0.3883E+000
 0.1300E+004 0.3133E-004 0.1743E-003 0.1292E+001 0.4178E+000
 0.1350E+004 0.3115E-004 0.1677E-003 0.1314E+001 0.4480E+000
 0.1400E+004 0.3093E-004 0.1615E-003 0.1338E+001 0.4790E+000
 0.1450E+004 0.3068E-004 0.1557E-003 0.1362E+001 0.5106E+000
 0.1500E+004 0.3039E-004 0.1503E-003 0.1387E+001 0.5428E+000
 0.1550E+004 0.3007E-004 0.1452E-003 0.1413E+001 0.5757E+000
 0.1600E+004 0.2973E-004 0.1405E-003 0.1439E+001 0.6091E+000
 0.1650E+004 0.2936E-004 0.1360E-003 0.1466E+001 0.6431E+000
 0.1700E+004 0.2898E-004 0.1317E-003 0.1494E+001 0.6777E+000
 0.1750E+004 0.2858E-004 0.1277E-003 0.1522E+001 0.7127E+000
 0.1800E+004 0.2816E-004 0.1238E-003 0.1551E+001 0.7483E+000
 0.1850E+004 0.2773E-004 0.1202E-003 0.1580E+001 0.7843E+000
 0.1900E+004 0.2728E-004 0.1167E-003 0.1610E+001 0.8208E+000
 0.1950E+004 0.2683E-004 0.1134E-003 0.1640E+001 0.8577E+000
 0.2000E+004 0.2637E-004 0.1102E-003 0.1671E+001 0.8950E+000
 0.2050E+004 0.2590E-004 0.1071E-003 0.1702E+001 0.9327E+000
 0.2100E+004 0.2542E-004 0.1042E-003 0.1734E+001 0.9707E+000
 0.2150E+004 0.2494E-004 0.1014E-003 0.1767E+001 0.1009E+001
 0.2200E+004 0.2446E-004 0.9866E-004 0.1800E+001 0.1048E+001
