 niter, etol:             4  ;    1.0000000000000001E-009
 T, niter realizadas, discrepancia(ku_convec) 
  0.10000000000000001                2   7.1573459984516791E-010
  0.20000000000000001                2   3.6215002142281059E-010
  0.30000000000000004                2   2.4323838978989803E-010
  0.40000000000000002                2   1.8247315779533757E-010
  0.50000000000000000                2   1.4580232877907952E-010
  0.59999999999999998                2   1.0384903603956444E-010
  0.69999999999999996                2   8.0650950846786557E-011
  0.79999999999999993                2   6.5741002036837074E-011
  0.89999999999999991                2   5.5451425907423919E-011
  0.99999999999999989                2   4.7869931987751890E-011
   1.0999999999999999                2   4.2081761618946663E-011
   1.2000000000000000                2   3.7500929221529934E-011
   1.3000000000000000                2   3.3791997087575883E-011
   1.4000000000000001                2   3.0727661128443475E-011
   1.5000000000000002                2   2.8153972739810688E-011
   1.6000000000000003                2   2.5962045108414738E-011
   1.7000000000000004                2   2.4067152736493785E-011
   1.8000000000000005                2   2.2422475769856847E-011
   1.9000000000000006                2   2.0971215019923353E-011
   2.0000000000000004                2   1.9689769458366453E-011
   2.1000000000000005                2   1.8543613319488731E-011
   2.2000000000000006                2   1.7519154494472809E-011
   2.3000000000000007                2   1.6589120033842150E-011
   2.4000000000000008                2   1.5751193464931337E-011
   2.5000000000000009                2   1.4983435251230587E-011
   2.6000000000000010                2   1.4285892868012619E-011
   2.7000000000000011                2   1.3639715181798724E-011
   2.8000000000000012                2   1.3050977701651445E-011
   2.9000000000000012                2   1.2499553577769046E-011
   3.0000000000000013                2   1.1993193601269107E-011
   3.1000000000000014                2   1.1518383675543589E-011
   3.2000000000000015                2   1.1082014413137173E-011
   3.3000000000000016                2   1.0668039691043015E-011
   3.4000000000000017                2   1.0286145979138124E-011
   3.5000000000000018                2   9.9201522870037474E-012
   3.6000000000000019                2   9.5816526699723583E-012
   3.7000000000000020                2   9.2566368226239142E-012
   3.8000000000000020                2   8.9614467245545484E-012
   3.9000000000000021                2   8.6722440184160831E-012
   4.0000000000000018                2   8.4064834415262591E-012
   4.1000000000000014                2   8.1463848812187473E-012
   4.2000000000000011                2   7.9068919090926124E-012
   4.3000000000000007                2   7.6740036401520096E-012
   4.4000000000000004                2   7.4539102545977908E-012
   4.5000000000000000                2   7.2430960254816011E-012
   4.5999999999999996                2   7.0443390416290022E-012
   4.6999999999999993                2   6.8513467849347821E-012
   4.7999999999999989                2   6.6710716571894148E-012
   4.8999999999999986                2   6.4976898448233998E-012
   4.9999999999999982                2   6.3314896240929733E-012
   5.0999999999999979                2   6.1696009136844604E-012
   5.1999999999999975                2   6.0165831836966466E-012
   5.2999999999999972                2   5.8665802644152967E-012
   5.3999999999999968                2   5.7271934202398812E-012
   5.4999999999999964                2   5.5875037159439785E-012
   5.5999999999999961                2   5.4587698273898852E-012
   5.6999999999999957                2   5.3297473760376961E-012
   5.7999999999999954                2   5.2102895825080330E-012
   5.8999999999999950                2   5.0915281685858020E-012
   5.9999999999999947                2   4.9792492809965011E-012
   6.0999999999999943                2   4.8684315044849258E-012
   6.1999999999999940                2   4.7643864355273019E-012
   6.2999999999999936                2   4.6625211701663964E-012
   6.3999999999999932                2   4.5621557169163932E-012
   6.4999999999999929                2   4.4663810927069578E-012
   6.5999999999999925                2   4.3746190965496084E-012
   6.6999999999999922                2   4.2823020875794643E-012
   6.7999999999999918                2   4.1977358918245118E-012
   6.8999999999999915                2   4.1128755588645594E-012
   6.9999999999999911                2   4.0290470805802707E-012
   7.0999999999999908                2   3.9499825374620853E-012
   7.1999999999999904                2   3.8742586588694600E-012
   7.2999999999999901                2   3.7976989582841351E-012
   7.3999999999999897                2   3.7272788280626128E-012
   7.4999999999999893                2   3.6543516537211809E-012
   7.5999999999999890                2   3.5852044163540625E-012
   7.6999999999999886                2   3.5166911406295565E-012
   7.7999999999999883                2   3.4552618849737188E-012
   7.8999999999999879                2   3.3917118202405043E-012
   7.9999999999999876                2   3.3284662004629862E-012
   8.0999999999999872                2   3.2679020022788787E-012
   8.1999999999999869                2   3.2083587480902491E-012
   8.2999999999999865                2   3.1524103625338903E-012
   8.3999999999999861                2   3.0960523220245139E-012
   8.4999999999999858                2   3.0423618049646191E-012
   8.5999999999999854                2   2.9894754869759097E-012
   8.6999999999999851                2   2.9350284533852094E-012
   8.7999999999999847                2   2.8839347135170304E-012
   8.8999999999999844                2   2.8350437311979263E-012
   8.9999999999999840                2   2.7860515263472364E-012
   9.0999999999999837                2   2.7391469861551602E-012
   9.1999999999999833                2   2.6931794253926237E-012
   9.2999999999999829                2   2.6457779420164914E-012
   9.3999999999999826                2   2.6036600296486862E-012
   9.4999999999999822                2   2.5600690399884540E-012
   9.5999999999999819                2   2.5182838515263286E-012
   9.6999999999999815                2   2.4755338124965199E-012
   9.7999999999999812                2   2.4340109574936677E-012
   9.8999999999999808                2   2.3939242258008380E-012
   9.9999999999999805                2   2.3569775556130091E-012
   10.099999999999980                2   2.3175685143430583E-012
   10.199999999999980                2   2.2808321281757517E-012
   10.299999999999979                2   2.2428352939855499E-012
   10.399999999999979                2   2.2080946497878980E-012
   10.499999999999979                2   2.1739322579790907E-012
   10.599999999999978                2   2.1394396134679279E-012
   10.699999999999978                2   2.1047642459834166E-012
   10.799999999999978                2   2.0732721971074542E-012
   10.899999999999977                2   2.0396275084400272E-012
   10.999999999999977                2   2.0066618815315758E-012
   11.099999999999977                2   1.9761863344285417E-012
   11.199999999999976                2   1.9434867153515286E-012
   11.299999999999976                2   1.9149755473119379E-012
   11.399999999999975                2   1.8863983267330310E-012
   11.499999999999975                2   1.8549341499156462E-012
   11.599999999999975                2   1.8255818015578580E-012
   11.699999999999974                2   1.7969667562799547E-012
   11.799999999999974                2   1.7683463482431675E-012
   11.899999999999974                2   1.7406154642390686E-012
   11.999999999999973                2   1.7151282911649253E-012
   12.099999999999973                2   1.6883742927546112E-012
   12.199999999999973                2   1.6626066648443100E-012
   12.299999999999972                2   1.6379522008439528E-012
   12.399999999999972                2   1.6135561462928090E-012
   12.499999999999972                2   1.5876619796105038E-012
   12.599999999999971                2   1.5623914343518404E-012
   12.699999999999971                2   1.5366442472615988E-012
   12.799999999999971                2   1.5139459767951452E-012
   12.899999999999970                2   1.4922185739617579E-012
   12.999999999999970                2   1.4686296984355743E-012
   13.099999999999969                2   1.4490671660125954E-012
   13.199999999999969                2   1.4269366717367235E-012
   13.299999999999969                2   1.4010999213627638E-012
   13.399999999999968                2   1.3821030560471304E-012
   13.499999999999968                2   1.3607942484004311E-012
   13.599999999999968                2   1.3417100186957815E-012
   13.699999999999967                2   1.3192090824093476E-012
   13.799999999999967                2   1.2978750335233636E-012
   13.899999999999967                2   1.2783050819202445E-012
   13.999999999999966                2   1.2585332459791881E-012
   14.099999999999966                2   1.2395709293409355E-012
   14.199999999999966                2   1.2183203460689724E-012
   14.299999999999965                2   1.2005729145277154E-012
   14.399999999999965                2   1.1814142983255158E-012
   14.499999999999964                2   1.1639674995127665E-012
   14.599999999999964                2   1.1464268273544821E-012
   14.699999999999964                2   1.1278863370195549E-012
   14.799999999999963                2   1.1100843214250784E-012
   14.899999999999963                2   1.0916607555921263E-012
   14.999999999999963                2   1.0749504318058040E-012
   15.099999999999962                2   1.0591312563772669E-012
   15.199999999999962                2   1.0404339952978239E-012
   15.299999999999962                2   1.0238252547931225E-012
   15.399999999999961                2   1.0077713557465069E-012
   15.499999999999961                2   9.9307564619022517E-013
   15.599999999999961                2   9.7604332356442668E-013
   15.699999999999960                2   9.5976783541238902E-013
   15.799999999999960                2   9.4363222455097135E-013
   15.899999999999959                2   9.3114155756314407E-013
   15.999999999999959                2   9.1254463772236428E-013
   16.099999999999959                2   8.9776044231624715E-013
   16.199999999999960                2   8.8402463502149209E-013
   16.299999999999962                2   8.7000535524365804E-013
   16.399999999999963                2   8.5297373677501192E-013
   16.499999999999964                2   8.4189340619119132E-013
   16.599999999999966                2   8.2459833822811472E-013
   16.699999999999967                2   8.1312343477623595E-013
   16.799999999999969                2   7.9768778347200770E-013
   16.899999999999970                2   7.8411171965364227E-013
   16.999999999999972                2   7.6961346436978782E-013
   17.099999999999973                2   7.5775413963320433E-013
   17.199999999999974                2   7.4247142377893428E-013
   17.299999999999976                2   7.3044577119502610E-013
   17.399999999999977                2   7.1767783914933805E-013
   17.499999999999979                2   7.0483650550102689E-013
   17.599999999999980                2   6.9145214716997357E-013
   17.699999999999982                2   6.7942339915413875E-013
   17.799999999999983                2   6.6715988316314424E-013
   17.899999999999984                2   6.5299020309339775E-013
   17.999999999999986                2   6.4000467038331242E-013
   18.099999999999987                2   6.2936167479664616E-013
   18.199999999999989                2   6.1788157391976401E-013
   18.299999999999990                2   6.0559433549429848E-013
   18.399999999999991                2   5.9426315866172862E-013
   18.499999999999993                2   5.8314408227548041E-013
   18.599999999999994                2   5.7067723612965977E-013
   18.699999999999996                2   5.5970511242047702E-013
   18.799999999999997                2   5.4658539468669446E-013
   18.899999999999999                2   5.3836704467308547E-013
   19.000000000000000                2   5.2420220855547575E-013
   19.100000000000001                2   5.1700349035167165E-013
   19.200000000000003                2   5.0264083932632174E-013
   19.300000000000004                2   4.9130477632310726E-013
   19.400000000000006                2   4.8147558280915231E-013
   19.500000000000007                2   4.7246614889041395E-013
   19.600000000000009                2   4.6056899987779684E-013
   19.700000000000010                2   4.5178332393905864E-013
   19.800000000000011                2   4.3855031605319947E-013
   19.900000000000013                2   4.3135154026393961E-013
   20.000000000000014                2   4.1940083942933091E-013
   20.100000000000016                2   4.1177178552606750E-013
   20.200000000000017                2   3.9794496274305605E-013
   20.300000000000018                2   3.8957670774174300E-013
   20.400000000000020                2   3.7983363532812132E-013
   20.500000000000021                2   3.6875799219410456E-013
   20.600000000000023                2   3.5891511077934760E-013
   20.700000000000024                2   3.4890687077232728E-013
   20.800000000000026                2   3.4155209369435579E-013
   20.900000000000027                2   3.3209566624996604E-013
   21.000000000000028                2   3.2126175143148501E-013
   21.100000000000030                2   3.1291563201469232E-013
   21.200000000000031                2   3.0363266361694860E-013
   21.300000000000033                2   2.9386958580319887E-013
   21.400000000000034                2   2.8661368824547440E-013
   21.500000000000036                2   2.7737885194909003E-013
   21.600000000000037                2   2.6684699121208821E-013
   21.700000000000038                2   2.5980206385588624E-013
   21.800000000000040                2   2.5021932715131636E-013
   21.900000000000041                2   2.3837305841789839E-013
   22.000000000000043                2   2.3034691483440927E-013
   22.100000000000044                2   2.2245837798140194E-013
   22.200000000000045                2   2.1470469545857416E-013
   22.300000000000047                2   2.0591211412162363E-013
   22.400000000000048                2   1.9727037555886856E-013
   22.500000000000050                2   1.8724327562276450E-013
   22.600000000000051                2   1.8118721773816317E-013
   22.700000000000053                2   1.7222063266221802E-013
   22.800000000000054                2   1.6564532908617893E-013
   22.900000000000055                2   1.5696150102995043E-013
   23.000000000000057                2   1.4640920798183633E-013
   23.100000000000058                2   1.3948765550546210E-013
   23.200000000000060                2   1.3106161522717537E-013
   23.300000000000061                2   1.2242055018149007E-013
   23.400000000000063                2   1.1427866428790667E-013
   23.500000000000064                2   1.0767618108020090E-013
   23.600000000000065                2   1.0066176565740178E-013
   23.700000000000067                2   9.3246788880745042E-014
   23.800000000000068                2   8.3391710219918309E-014
   23.900000000000070                2   7.7259163767262483E-014
   24.000000000000071                2   6.8371830055147526E-014
   24.100000000000072                2   6.0797916306048976E-014
   24.200000000000074                2   5.3844548518025742E-014
   24.300000000000075                2   4.4221284920384360E-014
   24.400000000000077                2   3.8005103980515481E-014
   24.500000000000078                2   3.1568613520420395E-014
   24.600000000000080                2   2.3799829650189921E-014
   24.700000000000081                2   1.5999696647009236E-014
   24.800000000000082                2   6.9129016655396168E-015
   24.900000000000084                2   2.8048649113878531E-015
   25.000000000000085                2   8.0369048787659391E-015
   25.100000000000087                2   1.2417401553467462E-014
   25.200000000000088                2   2.0224213394857056E-014
   25.300000000000090                2   2.8659053683082838E-014
   25.400000000000091                2   3.4414239251239673E-014
   25.500000000000092                2   3.9185923978676967E-014
   25.600000000000094                2   4.7709034679290747E-014
   25.700000000000095                2   5.5949648991856429E-014
   25.800000000000097                2   6.2319424635166778E-014
   25.900000000000098                2   7.0168872257912778E-014
   26.000000000000099                2   7.7465335333313559E-014
   26.100000000000101                2   8.4504125129618217E-014
   26.200000000000102                2   9.1852362781023716E-014
   26.300000000000104                2   9.7272463132778862E-014
   26.400000000000105                2   1.0274436544848880E-013
   26.500000000000107                2   1.1320629148057449E-013
   26.600000000000108                2   1.1751341153094857E-013
   26.700000000000109                2   1.2229191737043197E-013
   26.800000000000111                2   1.2981039989819618E-013
   26.900000000000112                2   1.3627976234094907E-013
   27.000000000000114                2   1.4476096817399811E-013
   27.100000000000115                2   1.5061998808970348E-013
   27.200000000000117                2   1.5781820103843898E-013
   27.300000000000118                2   1.6258021261409157E-013
   27.400000000000119                2   1.7149663953207967E-013
   27.500000000000121                2   1.7569625721737514E-013
   27.600000000000122                2   1.8311244648140421E-013
   27.700000000000124                2   1.8916106424765874E-013
   27.800000000000125                2   1.9536480974263573E-013
   27.900000000000126                2   2.0209036571388244E-013
   28.000000000000128                2   2.0871268996547024E-013
   28.100000000000129                2   2.1535522059465439E-013
   28.200000000000131                2   2.1923724113343845E-013
   28.300000000000132                2   2.2605730194163835E-013
   28.400000000000134                2   2.3336929629622958E-013
   28.500000000000135                2   2.3879663523108536E-013
   28.600000000000136                2   2.4578456352981300E-013
   28.700000000000138                2   2.5418280627753141E-013
   28.800000000000139                2   2.5886689363602099E-013
   28.900000000000141                2   2.6370831419398378E-013
   29.000000000000142                2   2.6995901549828009E-013
   29.100000000000144                2   2.7736231485660734E-013
   29.200000000000145                2   2.8139133870667066E-013
   29.300000000000146                2   2.8960478279277977E-013
   29.400000000000148                2   2.9525540052310779E-013
   29.500000000000149                2   3.0049011275896986E-013
   29.600000000000151                2   3.0739706504002509E-013
   29.700000000000152                2   3.1267982437386586E-013
   29.800000000000153                2   3.1809885322844980E-013
   29.900000000000155                2   3.2558130675279657E-013
   30.000000000000156                2   3.2890706650308764E-013
   30.100000000000158                2   3.3725800021995706E-013
   30.200000000000159                2   3.4191588951720500E-013
   30.300000000000161                2   3.4545955000033146E-013
   30.400000000000162                2   3.5288716076047159E-013
   30.500000000000163                2   3.6144321624100294E-013
   30.600000000000165                2   3.6660392830664619E-013
   30.700000000000166                2   3.7067178354688870E-013
   30.800000000000168                2   3.7689811755166850E-013
   30.900000000000169                2   3.8443775282214899E-013
   31.000000000000171                2   3.8708846915668538E-013
   31.100000000000172                2   3.9583130276500461E-013
   31.200000000000173                2   3.9953578204402687E-013
   31.300000000000175                2   4.0376936165795436E-013
   31.400000000000176                2   4.1240292816750116E-013
   31.500000000000178                2   4.1667404528164687E-013
   31.600000000000179                2   4.2279689576892664E-013
   31.700000000000180                2   4.2826106325558112E-013
   31.800000000000182                2   4.3251147975341978E-013
   31.900000000000183                2   4.4120832480508808E-013
   32.000000000000185                2   4.4586433512488639E-013
   32.100000000000186                2   4.5063752494974557E-013
   32.200000000000188                2   4.5552537709297610E-013
   32.300000000000189                2   4.6272363438249860E-013
   32.400000000000190                2   4.6872976724428151E-013
   32.500000000000192                2   4.7193778808790644E-013
   32.600000000000193                2   4.7869133667569919E-013
   32.700000000000195                2   4.8499388878892769E-013
   32.800000000000196                2   4.8961078761906304E-013
   32.900000000000198                2   4.9521935993489376E-013
   33.000000000000199                2   4.9969695109630404E-013
   33.100000000000200                2   5.0585216734193448E-013
   33.200000000000202                2   5.1070974478688817E-013
   33.300000000000203                2   5.1601437160240263E-013
   33.400000000000205                2   5.2158650469501334E-013
   33.500000000000206                2   5.2691087067807260E-013
   33.600000000000207                2   5.3334361245278981E-013
   33.700000000000209                2   5.3884864827664795E-013
   33.800000000000210                2   5.4544589065898621E-013
   33.900000000000212                2   5.4896652471869351E-013
   34.000000000000213                2   5.5408432285857739E-013
   34.100000000000215                2   5.5929470055955418E-013
   34.200000000000216                2   5.6459571685469757E-013
   34.300000000000217                2   5.6933738670423173E-013
   34.400000000000219                2   5.7675054546106495E-013
   34.500000000000220                2   5.8182424424268578E-013
   34.600000000000222                2   5.8762354692633983E-013
   34.700000000000223                2   5.9128732280152475E-013
   34.800000000000225                2   6.0024580149721821E-013
   34.900000000000226                2   6.0142658323107166E-013
   35.000000000000227                2   6.0973446427183715E-013
   35.100000000000229                2   6.1376207860995149E-013
   35.200000000000230                2   6.1850072955431151E-013
   35.300000000000232                2   6.2485452738998469E-013
   35.400000000000233                2   6.2930169570988140E-013
   35.500000000000234                2   6.3549931928893309E-013
   35.600000000000236                2   6.3966316420169554E-013
   35.700000000000237                2   6.4436585350865362E-013
   35.800000000000239                2   6.5137930420151276E-013
   35.900000000000240                2   6.5564540663092698E-013
   36.000000000000242                2   6.6087966036549962E-013
   36.100000000000243                2   6.6662762152192787E-013
   36.200000000000244                2   6.7128411542630600E-013
   36.300000000000246                2   6.7530016021852748E-013
   36.400000000000247                2   6.8069510151392896E-013
   36.500000000000249                2   6.8473462696223255E-013
   36.600000000000250                2   6.9269096940233865E-013
   36.700000000000252                2   6.9687929991038768E-013
   36.800000000000253                2   7.0241327861176540E-013
   36.900000000000254                2   7.0996805104515597E-013
   37.000000000000256                2   7.1326535210502803E-013
   37.100000000000257                2   7.1886130640534322E-013
   37.200000000000259                2   7.2301225516010508E-013
   37.300000000000260                2   7.2860805765887554E-013
   37.400000000000261                2   7.3521760157426082E-013
   37.500000000000263                2   7.4174398387250212E-013
   37.600000000000264                2   7.4657693829329184E-013
   37.700000000000266                2   7.5054498297203595E-013
   37.800000000000267                2   7.5578715451299859E-013
   37.900000000000269                2   7.5818721720716531E-013
   38.000000000000270                2   7.6541203796768858E-013
   38.100000000000271                2   7.6836583005184383E-013
   38.200000000000273                2   7.7322668631990017E-013
   38.300000000000274                2   7.8099839219200399E-013
   38.400000000000276                2   7.8661823220449021E-013
   38.500000000000277                2   7.8756144109298930E-013
   38.600000000000279                2   7.9395531956359626E-013
   38.700000000000280                2   8.0115643664000939E-013
   38.800000000000281                2   8.0449278128798662E-013
   38.900000000000283                2   8.0928573645076738E-013
   39.000000000000284                2   8.1663367105671877E-013
   39.100000000000286                2   8.1893539393400529E-013
   39.200000000000287                2   8.2638039691595330E-013
   39.300000000000288                2   8.2907535795493221E-013
   39.400000000000290                2   8.3502557791335849E-013
   39.500000000000291                2   8.3908183107531499E-013
   39.600000000000293                2   8.4743238333458755E-013
   39.700000000000294                2   8.5015871033907501E-013
   39.800000000000296                2   8.5571419738943202E-013
   39.900000000000297                2   8.5977422245308696E-013
   40.000000000000298                2   8.6579247099744134E-013
   40.100000000000300                2   8.7114928018222723E-013
   40.200000000000301                2   8.7632292927951616E-013
   40.300000000000303                2   8.8096644454622616E-013
   40.400000000000304                2   8.8786986562260030E-013
   40.500000000000306                2   8.9146247007252107E-013
   40.600000000000307                2   8.9890906453303437E-013
   40.700000000000308                2   9.0158772082556841E-013
   40.800000000000310                2   9.0615923737930727E-013
   40.900000000000311                2   9.1236903803808496E-013
   41.000000000000313                2   9.1940508273709323E-013
   41.100000000000314                2   9.2255417200368841E-013
   41.200000000000315                2   9.2655120129699033E-013
   41.300000000000317                2   9.2927800710742412E-013
   41.400000000000318                2   9.3880265546623578E-013
   41.500000000000320                2   9.4317453497854236E-013
   41.600000000000321                2   9.4923862362321352E-013
   41.700000000000323                2   9.5132017577280311E-013
   41.800000000000324                2   9.5661308673066737E-013
   41.900000000000325                2   9.6205777587478042E-013
   42.000000000000327                2   9.6765182890371175E-013
   42.100000000000328                2   9.7211432942124045E-013
   42.200000000000330                2   9.7694591974093295E-013
   42.300000000000331                2   9.8319623922713650E-013
   42.400000000000333                2   9.8748436198627868E-013
   42.500000000000334                2   9.9401844874179907E-013
   42.600000000000335                2   9.9673400593824098E-013
   42.700000000000337                2   1.0010677548078700E-012
   42.800000000000338                2   1.0080264665908644E-012
   42.900000000000340                2   1.0126516763547069E-012
   43.000000000000341                2   1.0190575660927080E-012
   43.100000000000342                2   1.0215321553909532E-012
   43.200000000000344                2   1.0288224936100276E-012
   43.300000000000345                2   1.0334168984958073E-012
   43.400000000000347                2   1.0389572537603686E-012
   43.500000000000348                2   1.0430386753530664E-012
   43.600000000000350                2   1.0494500877426804E-012
   43.700000000000351                2   1.0540128525038479E-012
   43.800000000000352                2   1.0577351332633886E-012
   43.900000000000354                2   1.0623887414620137E-012
   44.000000000000355                2   1.0679605567473029E-012
   44.100000000000357                2   1.0730812706148020E-012
   44.200000000000358                2   1.0769854803689630E-012
   44.300000000000360                2   1.0835294504893393E-012
   44.400000000000361                2   1.0888546666987454E-012
   44.500000000000362                2   1.0933581552733960E-012
   44.600000000000364                2   1.0997018472320688E-012
   44.700000000000365                2   1.1040908026923354E-012
   44.800000000000367                2   1.1103038968208915E-012
   44.900000000000368                2   1.1123397352028739E-012
   45.000000000000369                2   1.1182492470327953E-012
   45.100000000000371                2   1.1235380311805465E-012
   45.200000000000372                2   1.1302408409080325E-012
   45.300000000000374                2   1.1344870232680383E-012
   45.400000000000375                2   1.1412389557827527E-012
   45.500000000000377                2   1.1430110280314564E-012
   45.600000000000378                2   1.1505450660530216E-012
   45.700000000000379                2   1.1524159388294906E-012
   45.800000000000381                2   1.1592790035544221E-012
   45.900000000000382                2   1.1646408107273639E-012
   46.000000000000384                2   1.1694098002255879E-012
   46.100000000000385                2   1.1734167700427617E-012
   46.200000000000387                2   1.1779047420842757E-012
   46.300000000000388                2   1.1847962742894511E-012
   46.400000000000389                2   1.1891707313475123E-012
   46.500000000000391                2   1.1959283036295126E-012
   46.600000000000392                2   1.2024414972628183E-012
   46.700000000000394                2   1.2040611104819441E-012
   46.800000000000395                2   1.2083993914477643E-012
   46.900000000000396                2   1.2162746818823377E-012
   47.000000000000398                2   1.2187976580594674E-012
   47.100000000000399                2   1.2263662671061336E-012
   47.200000000000401                2   1.2293055347762511E-012
   47.300000000000402                2   1.2347251898499959E-012
   47.400000000000404                2   1.2405874608620594E-012
   47.500000000000405                2   1.2472192755882682E-012
   47.600000000000406                2   1.2498054955908894E-012
   47.700000000000408                2   1.2571419459487555E-012
   47.800000000000409                2   1.2601325062859955E-012
   47.900000000000411                2   1.2650483707849796E-012
   48.000000000000412                2   1.2705618284437791E-012
   48.100000000000414                2   1.2753676777673074E-012
   48.200000000000415                2   1.2831890231830630E-012
   48.300000000000416                2   1.2844999365743720E-012
   48.400000000000418                2   1.2889902539094859E-012
   48.500000000000419                2   1.2985330013469566E-012
   48.600000000000421                2   1.2989332308936791E-012
   48.700000000000422                2   1.3084883048827291E-012
   48.800000000000423                2   1.3133853928937036E-012
   48.900000000000425                2   1.3191701828887026E-012
   49.000000000000426                2   1.3241140035934921E-012
   49.100000000000428                2   1.3268279447012265E-012
   49.200000000000429                2   1.3315200872970811E-012
   49.300000000000431                2   1.3349278151290558E-012
   49.400000000000432                2   1.3412126912747208E-012
   49.500000000000433                2   1.3489627040179184E-012
   49.600000000000435                2   1.3534389307102846E-012
   49.700000000000436                2   1.3568047528886512E-012
   49.800000000000438                2   1.3640575843995322E-012
   49.900000000000439                2   1.3688324402291523E-012
   50.000000000000441                2   1.3752038800797475E-012
   50.100000000000442                2   1.3792736244654112E-012
   50.200000000000443                2   1.3846352861297460E-012
   50.300000000000445                2   1.3890535528810657E-012
   50.400000000000446                2   1.3960764045136134E-012
   50.500000000000448                2   1.3974534160962871E-012
   50.600000000000449                2   1.4056771291578463E-012
   50.700000000000450                2   1.4120755320569165E-012
   50.800000000000452                2   1.4169604883083814E-012
   50.900000000000453                2   1.4194837026803548E-012
   51.000000000000455                2   1.4268646680791556E-012
   51.100000000000456                2   1.4315960717409272E-012
   51.200000000000458                2   1.4349936070007964E-012
   51.300000000000459                2   1.4426151093438085E-012
   51.400000000000460                2   1.4476162732596283E-012
   51.500000000000462                2   1.4515788908845491E-012
   51.600000000000463                2   1.4570426129740249E-012
   51.700000000000465                2   1.4618916684137841E-012
   51.800000000000466                2   1.4686406229949900E-012
   51.900000000000468                2   1.4726880951273716E-012
   52.000000000000469                2   1.4783501563226693E-012
   52.100000000000470                2   1.4836804211118790E-012
   52.200000000000472                2   1.4886826616306239E-012
   52.300000000000473                2   1.4940435039753375E-012
   52.400000000000475                2   1.5007109284211513E-012
   52.500000000000476                2   1.5043330628734529E-012
   52.600000000000477                2   1.5079150417594891E-012
   52.700000000000479                2   1.5148187283286968E-012
   52.800000000000480                2   1.5195139038895081E-012
   52.900000000000482                2   1.5230934382549306E-012
   53.000000000000483                2   1.5288926992248248E-012
   53.100000000000485                2   1.5362239325542057E-012
   53.200000000000486                2   1.5412448464965435E-012
   53.300000000000487                2   1.5475289177546642E-012
   53.400000000000489                2   1.5523133144981497E-012
   53.500000000000490                2   1.5566580447998762E-012
   53.600000000000492                2   1.5631653134647729E-012
   53.700000000000493                2   1.5679292132566769E-012
   53.800000000000495                2   1.5718716590067222E-012
   53.900000000000496                2   1.5783398792952448E-012
   54.000000000000497                2   1.5828286588714077E-012
   54.100000000000499                2   1.5888004423043687E-012
   54.200000000000500                2   1.5935728046287359E-012
   54.300000000000502                2   1.5980443435609832E-012
   54.400000000000503                2   1.6056195579469363E-012
   54.500000000000504                2   1.6093609961913560E-012
   54.600000000000506                2   1.6135625510622058E-012
   54.700000000000507                2   1.6232011582722474E-012
   54.800000000000509                2   1.6287848991598374E-012
   54.900000000000510                2   1.6320897893200383E-012
   55.000000000000512                2   1.6367129495329971E-012
   55.100000000000513                2   1.6406763041449753E-012
   55.200000000000514                2   1.6487547730869241E-012
   55.300000000000516                2   1.6522550709634023E-012
   55.400000000000517                2   1.6579017580178407E-012
   55.500000000000519                2   1.6636157441233996E-012
   55.600000000000520                2   1.6697575016781135E-012
   55.700000000000522                2   1.6759621660916314E-012
   55.800000000000523                2   1.6798376820258319E-012
   55.900000000000524                2   1.6861744716816564E-012
   56.000000000000526                2   1.6892484769163372E-012
   56.100000000000527                2   1.6973729550206533E-012
   56.200000000000529                2   1.7011847904579583E-012
   56.300000000000530                2   1.7088308449305602E-012
   56.400000000000531                2   1.7114970391937240E-012
   56.500000000000533                2   1.7180942781661269E-012
   56.600000000000534                2   1.7246318530202292E-012
   56.700000000000536                2   1.7293748827096686E-012
   56.800000000000537                2   1.7354551071650869E-012
   56.900000000000539                2   1.7407904969966903E-012
   57.000000000000540                2   1.7464189770143011E-012
   57.100000000000541                2   1.7500566229068681E-012
   57.200000000000543                2   1.7553607029040057E-012
   57.300000000000544                2   1.7612942763339240E-012
   57.400000000000546                2   1.7680760953673526E-012
   57.500000000000547                2   1.7731115793831489E-012
   57.600000000000549                2   1.7773153285930204E-012
   57.700000000000550                2   1.7838211327900488E-012
   57.800000000000551                2   1.7893792463295433E-012
   57.900000000000553                2   1.7958834991153689E-012
   58.000000000000554                2   1.7994589056506532E-012
   58.100000000000556                2   1.8067383802685764E-012
   58.200000000000557                2   1.8117618232966285E-012
   58.300000000000558                2   1.8163010720000973E-012
   58.400000000000560                2   1.8229740966553212E-012
   58.500000000000561                2   1.8276356677390781E-012
   58.600000000000563                2   1.8309554800015277E-012
   58.700000000000564                2   1.8394114386879014E-012
   58.800000000000566                2   1.8435023638598350E-012
   58.900000000000567                2   1.8481948926526959E-012
   59.000000000000568                2   1.8564676742206375E-012
   59.100000000000570                2   1.8610591445300308E-012
   59.200000000000571                2   1.8670891609007438E-012
   59.300000000000573                2   1.8720106477084659E-012
   59.400000000000574                2   1.8794096199387526E-012
   59.500000000000576                2   1.8829739428965973E-012
   59.600000000000577                2   1.8890078328840101E-012
   59.700000000000578                2   1.8937398468607166E-012
   59.800000000000580                2   1.9000867276225963E-012
   59.900000000000581                2   1.9055516445478630E-012
   60.000000000000583                2   1.9093196751764112E-012
   60.100000000000584                2   1.9183870721746719E-012
   60.200000000000585                2   1.9198120680398903E-012
   60.300000000000587                2   1.9291663573555148E-012
   60.400000000000588                2   1.9339755478867111E-012
   60.500000000000590                2   1.9377279665622946E-012
   60.600000000000591                2   1.9436629591024593E-012
   60.700000000000593                2   1.9523615953690415E-012
   60.800000000000594                2   1.9565803037594538E-012
   60.900000000000595                2   1.9607588450389487E-012
   61.000000000000597                2   1.9676846364118356E-012
   61.100000000000598                2   1.9707824050542953E-012
   61.200000000000600                2   1.9795821783955501E-012
   61.300000000000601                2   1.9847638702379264E-012
   61.400000000000603                2   1.9910776931407856E-012
   61.500000000000604                2   1.9957715544651203E-012
   61.600000000000605                2   2.0015930564313477E-012
   61.700000000000607                2   2.0061973682953737E-012
   61.800000000000608                2   2.0119222402370343E-012
   61.900000000000610                2   2.0175974322000777E-012
   62.000000000000611                2   2.0259186580295908E-012
   62.100000000000612                2   2.0295678845147470E-012
   62.200000000000614                2   2.0343288399077632E-012
   62.300000000000615                2   2.0441934328028868E-012
   62.400000000000617                2   2.0467617412467690E-012
   62.500000000000618                2   2.0523313421135324E-012
   62.600000000000620                2   2.0582302036000543E-012
   62.700000000000621                2   2.0642668640706620E-012
   62.800000000000622                2   2.0702523607719665E-012
   62.900000000000624                2   2.0746919527681081E-012
   63.000000000000625                2   2.0800223514156122E-012
   63.100000000000627                2   2.0869774592019628E-012
   63.200000000000628                2   2.0909145744638753E-012
   63.300000000000630                2   2.0990572582164797E-012
   63.400000000000631                2   2.1045613368233675E-012
   63.500000000000632                2   2.1102014238924416E-012
   63.600000000000634                2   2.1161587849985810E-012
   63.700000000000635                2   2.1209735360714983E-012
   63.800000000000637                2   2.1268346560739077E-012
   63.900000000000638                2   2.1321036992780344E-012
   64.000000000000639                2   2.1403929764856887E-012
   64.100000000000634                2   2.1452020984031482E-012
   64.200000000000628                2   2.1497896341448864E-012
   64.300000000000622                2   2.1563008948272040E-012
   64.400000000000617                2   2.1620468392210969E-012
   64.500000000000611                2   2.1682769504806840E-012
   64.600000000000605                2   2.1755172043749825E-012
   64.700000000000600                2   2.1800547757000150E-012
   64.800000000000594                2   2.1868370601579034E-012
   64.900000000000588                2   2.1916373617130162E-012
   65.000000000000583                2   2.1965703742765078E-012
   65.100000000000577                2   2.2047687596046100E-012
   65.200000000000571                2   2.2090854878523313E-012
   65.300000000000566                2   2.2130174312533464E-012
   65.400000000000560                2   2.2222596237381437E-012
   65.500000000000554                2   2.2264463213177760E-012
   65.600000000000549                2   2.2352226456355133E-012
   65.700000000000543                2   2.2379527122945370E-012
   65.800000000000537                2   2.2440604544349364E-012
   65.900000000000531                2   2.2523256778515944E-012
   66.000000000000526                2   2.2562965122900686E-012
   66.100000000000520                2   2.2624245076822313E-012
   66.200000000000514                2   2.2701848626207723E-012
   66.300000000000509                2   2.2740289377741732E-012
   66.400000000000503                2   2.2811807871556600E-012
   66.500000000000497                2   2.2864438160852511E-012
   66.600000000000492                2   2.2928256546371672E-012
   66.700000000000486                2   2.2986597567427705E-012
   66.800000000000480                2   2.3044463891288401E-012
   66.900000000000475                2   2.3115026209341689E-012
   67.000000000000469                2   2.3152223019256753E-012
   67.100000000000463                2   2.3203798829186579E-012
   67.200000000000458                2   2.3281036236836945E-012
   67.300000000000452                2   2.3347931371408548E-012
   67.400000000000446                2   2.3402957133601729E-012
   67.500000000000441                2   2.3460764042487037E-012
   67.600000000000435                2   2.3503605493480549E-012
   67.700000000000429                2   2.3573374209533782E-012
   67.800000000000423                2   2.3636199754041964E-012
   67.900000000000418                2   2.3704914648425771E-012
   68.000000000000412                2   2.3747635370368054E-012
   68.100000000000406                2   2.3850275182752128E-012
   68.200000000000401                2   2.3895234097596828E-012
   68.300000000000395                2   2.3941384263505364E-012
   68.400000000000389                2   2.4006009635658023E-012
   68.500000000000384                2   2.4065429057609107E-012
   68.600000000000378                2   2.4124377119435192E-012
   68.700000000000372                2   2.4182857194613619E-012
   68.800000000000367                2   2.4243979638642390E-012
   68.900000000000361                2   2.4317013000060853E-012
   69.000000000000355                2   2.4369420868094725E-012
   69.100000000000350                2   2.4441416890818855E-012
   69.200000000000344                2   2.4502124611278420E-012
   69.300000000000338                2   2.4533278254559073E-012
   69.400000000000333                2   2.4620591511600425E-012
   69.500000000000327                2   2.4666195383386464E-012
   69.600000000000321                2   2.4750853833032631E-012
   69.700000000000315                2   2.4815236414117244E-012
   69.800000000000310                2   2.4842934600014901E-012
   69.900000000000304                2   2.4924480281969788E-012
   70.000000000000298                2   2.4975450953717060E-012
   70.100000000000293                2   2.5058889666789299E-012
   70.200000000000287                2   2.5108939202559260E-012
   70.300000000000281                2   2.5164524709818438E-012
   70.400000000000276                2   2.5213744770777868E-012
   70.500000000000270                2   2.5289152234631454E-012
   70.600000000000264                2   2.5368424025017291E-012
   70.700000000000259                2   2.5417748505952513E-012
   70.800000000000253                2   2.5459350544421452E-012
   70.900000000000247                2   2.5518117109637463E-012
   71.000000000000242                2   2.5590986425803195E-012
   71.100000000000236                2   2.5677834893380339E-012
   71.200000000000230                2   2.5729330474927604E-012
   71.300000000000225                2   2.5771755649367808E-012
   71.400000000000219                2   2.5882893163793568E-012
   71.500000000000213                2   2.5924404303783340E-012
   71.600000000000207                2   2.5985592358489638E-012
   71.700000000000202                2   2.6037755434332323E-012
   71.800000000000196                2   2.6100885106546806E-012
   71.900000000000190                2   2.6157865596684377E-012
   72.000000000000185                2   2.6252592842108957E-012
   72.100000000000179                2   2.6271920272476466E-012
   72.200000000000173                2   2.6348679731235227E-012
   72.300000000000168                2   2.6403854522471812E-012
   72.400000000000162                2   2.6478176784006023E-012
   72.500000000000156                2   2.6543597353804408E-012
   72.600000000000151                2   2.6608532867857536E-012
   72.700000000000145                2   2.6657736970383678E-012
   72.800000000000139                2   2.6725902611248330E-012
   72.900000000000134                2   2.6786676854891892E-012
   73.000000000000128                2   2.6885482797014617E-012
   73.100000000000122                2   2.6917824090431555E-012
   73.200000000000117                2   2.6997709187531078E-012
   73.300000000000111                2   2.7074305444648505E-012
   73.400000000000105                2   2.7108224279010575E-012
   73.500000000000099                2   2.7163524955052622E-012
   73.600000000000094                2   2.7230566346190277E-012
   73.700000000000088                2   2.7301162600229890E-012
   73.800000000000082                2   2.7384690792573548E-012
   73.900000000000077                2   2.7422072279995927E-012
   74.000000000000071                2   2.7511254800009147E-012
   74.100000000000065                2   2.7578503676581927E-012
   74.200000000000060                2   2.7625330006006523E-012
   74.300000000000054                2   2.7678410084360974E-012
   74.400000000000048                2   2.7766767758979352E-012
   74.500000000000043                2   2.7807075161356736E-012
   74.600000000000037                2   2.7868076373765451E-012
   74.700000000000031                2   2.7953531320874325E-012
   74.800000000000026                2   2.8014874261257045E-012
   74.900000000000020                2   2.8064035040786578E-012
   75.000000000000014                2   2.8116712309501874E-012
   75.100000000000009                2   2.8211765965279679E-012
   75.200000000000003                2   2.8280329974937911E-012
   75.299999999999997                2   2.8339380963645703E-012
   75.399999999999991                2   2.8408281435382854E-012
   75.499999999999986                2   2.8442074316996227E-012
   75.599999999999980                2   2.8544617446810693E-012
   75.699999999999974                2   2.8595482218702681E-012
   75.799999999999969                2   2.8653587571807572E-012
   75.899999999999963                2   2.8723946621970486E-012
   75.999999999999957                2   2.8802664376527067E-012
   76.099999999999952                2   2.8835434373565427E-012
   76.199999999999946                2   2.8913199525907440E-012
   76.299999999999940                2   2.8979140874838422E-012
   76.399999999999935                2   2.9049617948627560E-012
   76.499999999999929                2   2.9100886256408127E-012
   76.599999999999923                2   2.9180386390853861E-012
   76.699999999999918                2   2.9254382129560236E-012
   76.799999999999912                2   2.9308064926751542E-012
   76.899999999999906                2   2.9356409870675356E-012
   76.999999999999901                2   2.9417924771779907E-012
   77.099999999999895                2   2.9520740868166033E-012
   77.199999999999889                2   2.9610650201829747E-012
   77.299999999999883                2   2.9630360372880851E-012
   77.399999999999878                2   2.9727799235877359E-012
   77.499999999999872                2   2.9778449699043762E-012
   77.599999999999866                2   2.9822661440709368E-012
   77.699999999999861                2   2.9920894916642907E-012
   77.799999999999855                2   2.9958245598562074E-012
   77.899999999999849                2   3.0049366578177837E-012
   77.999999999999844                2   3.0082360288555844E-012
   78.099999999999838                2   3.0184402196532995E-012
   78.199999999999832                2   3.0236910292357805E-012
   78.299999999999827                2   3.0292596832610081E-012
   78.399999999999821                2   3.0364481767146358E-012
   78.499999999999815                2   3.0433510833809218E-012
   78.599999999999810                2   3.0494986824250465E-012
   78.699999999999804                2   3.0573677846330181E-012
   78.799999999999798                2   3.0633067703955863E-012
   78.899999999999793                2   3.0682671085884404E-012
   78.999999999999787                2   3.0764590741518114E-012
   79.099999999999781                2   3.0830834172554712E-012
   79.199999999999775                2   3.0881523320449531E-012
   79.299999999999770                2   3.0968901740316298E-012
   79.399999999999764                2   3.1051092661547782E-012
   79.499999999999758                2   3.1092415757371442E-012
   79.599999999999753                2   3.1160995080514430E-012
   79.699999999999747                2   3.1217644529285966E-012
   79.799999999999741                2   3.1318477965032056E-012
   79.899999999999736                2   3.1367362801363046E-012
   79.999999999999730                2   3.1434081954649262E-012
   80.099999999999724                2   3.1510555480487483E-012
   80.199999999999719                2   3.1563892907659106E-012
   80.299999999999713                2   3.1641673864340978E-012
   80.399999999999707                2   3.1709937892086100E-012
   80.499999999999702                2   3.1779985648765803E-012
   80.599999999999696                2   3.1831643994181807E-012
   80.699999999999690                2   3.1896331160228489E-012
   80.799999999999685                2   3.1995116085150724E-012
   80.899999999999679                2   3.2059944568889693E-012
   80.999999999999673                2   3.2135415911985977E-012
   81.099999999999667                2   3.2186066463474740E-012
   81.199999999999662                2   3.2238553702795247E-012
   81.299999999999656                2   3.2332464601785598E-012
   81.399999999999650                2   3.2388480871536066E-012
   81.499999999999645                2   3.2455046466269240E-012
   81.599999999999639                2   3.2532080486556442E-012
   81.699999999999633                2   3.2599902187523176E-012
   81.799999999999628                2   3.2680303868623088E-012
   81.899999999999622                2   3.2758021640290186E-012
   81.999999999999616                2   3.2809300142693561E-012
   82.099999999999611                2   3.2873144811324006E-012
   82.199999999999605                2   3.2945159195396629E-012
   82.299999999999599                2   3.2995250171339794E-012
   82.399999999999594                2   3.3059956597168581E-012
   82.499999999999588                2   3.3147705045986043E-012
   82.599999999999582                2   3.3239161043937891E-012
   82.699999999999577                2   3.3274834773414509E-012
   82.799999999999571                2   3.3363177077979968E-012
   82.899999999999565                2   3.3421385620592946E-012
   82.999999999999559                2   3.3485516539705256E-012
   83.099999999999554                2   3.3568139805801236E-012
   83.199999999999548                2   3.3635560767400908E-012
   83.299999999999542                2   3.3702536191556796E-012
   83.399999999999537                2   3.3769068714010004E-012
   83.499999999999531                2   3.3851814162822982E-012
   83.599999999999525                2   3.3911197968586464E-012
   83.699999999999520                2   3.3986748482517365E-012
   83.799999999999514                2   3.4041153031831638E-012
   83.899999999999508                2   3.4113728960658974E-012
   83.999999999999503                2   3.4161164329250504E-012
   84.099999999999497                2   3.4267734330223945E-012
   84.199999999999491                2   3.4332751307378115E-012
   84.299999999999486                2   3.4411624970970089E-012
   84.399999999999480                2   3.4477786041425206E-012
   84.499999999999474                2   3.4529296380123161E-012
   84.599999999999469                2   3.4614885107463298E-012
   84.699999999999463                2   3.4675693600325255E-012
   84.799999999999457                2   3.4752223203052071E-012
   84.899999999999451                2   3.4828269355370433E-012
   84.999999999999446                2   3.4889791460079834E-012
   85.099999999999440                2   3.4976921136767256E-012
   85.199999999999434                2   3.5027581162129262E-012
   85.299999999999429                2   3.5129666565603862E-012
   85.399999999999423                2   3.5175517522614115E-012
   85.499999999999417                2   3.5238873843883040E-012
   85.599999999999412                2   3.5319607889219900E-012
   85.699999999999406                2   3.5403786435530071E-012
   85.799999999999400                2   3.5434323636815392E-012
   85.899999999999395                2   3.5527414704038611E-012
   85.999999999999389                2   3.5608198773971227E-012
   86.099999999999383                2   3.5668950306950037E-012
   86.199999999999378                2   3.5729300039226882E-012
   86.299999999999372                2   3.5808690399537466E-012
   86.399999999999366                2   3.5885650911781752E-012
   86.499999999999361                2   3.5966002390349007E-012
   86.599999999999355                2   3.6045859622095822E-012
   86.699999999999349                2   3.6121374505206275E-012
   86.799999999999343                2   3.6177210650082902E-012
   86.899999999999338                2   3.6234587123785075E-012
   86.999999999999332                2   3.6320256084461959E-012
   87.099999999999326                2   3.6397779196059246E-012
   87.199999999999321                2   3.6461505980366619E-012
   87.299999999999315                2   3.6521024475983057E-012
   87.399999999999309                2   3.6625597095596281E-012
   87.499999999999304                2   3.6689893823984393E-012
   87.599999999999298                2   3.6753776770095120E-012
   87.699999999999292                2   3.6826649062405979E-012
   87.799999999999287                2   3.6910322102868451E-012
   87.899999999999281                2   3.6974778136435239E-012
   87.999999999999275                2   3.7020152320736722E-012
   88.099999999999270                2   3.7121078057870504E-012
   88.199999999999264                2   3.7174967484016379E-012
   88.299999999999258                2   3.7267422935771676E-012
   88.399999999999253                2   3.7329745262207297E-012
   88.499999999999247                2   3.7410116740128082E-012
   88.599999999999241                2   3.7488162029554824E-012
   88.699999999999235                2   3.7549205401848076E-012
   88.799999999999230                2   3.7613518726962343E-012
   88.899999999999224                2   3.7692045636479978E-012
   88.999999999999218                2   3.7790156871711082E-012
   89.099999999999213                2   3.7840399387613794E-012
   89.199999999999207                2   3.7917525731512571E-012
   89.299999999999201                2   3.7983319398251800E-012
   89.399999999999196                2   3.8063152169815971E-012
   89.499999999999190                2   3.8117270982702275E-012
   89.599999999999184                2   3.8221383070444958E-012
   89.699999999999179                2   3.8280050746102105E-012
   89.799999999999173                2   3.8365188484906378E-012
   89.899999999999167                2   3.8446252565073637E-012
   89.999999999999162                2   3.8521488679377182E-012
   90.099999999999156                2   3.8590936405216568E-012
   90.199999999999150                2   3.8651087944337377E-012
   90.299999999999145                2   3.8721471061721485E-012
   90.399999999999139                2   3.8794953076359764E-012
   90.499999999999133                2   3.8880318857521203E-012
   90.599999999999127                2   3.8954640822873784E-012
   90.699999999999122                2   3.9046046927748371E-012
   90.799999999999116                2   3.9117684168521085E-012
   90.899999999999110                2   3.9162706063385592E-012
   90.999999999999105                2   3.9268359884498973E-012
   91.099999999999099                2   3.9333464630830747E-012
   91.199999999999093                2   3.9417231599955513E-012
   91.299999999999088                2   3.9455543430844211E-012
   91.399999999999082                2   3.9534985005523450E-012
   91.499999999999076                2   3.9615679152643714E-012
   91.599999999999071                2   3.9682157434461117E-012
   91.699999999999065                2   3.9751653798674067E-012
   91.799999999999059                2   3.9827567041347588E-012
   91.899999999999054                2   3.9911559118427309E-012
   91.999999999999048                2   3.9988254797367097E-012
   92.099999999999042                2   4.0042417436649469E-012
   92.199999999999037                2   4.0153842134305921E-012
   92.299999999999031                2   4.0217316702021253E-012
   92.399999999999025                2   4.0287145270703506E-012
   92.499999999999019                2   4.0386848394109830E-012
   92.599999999999014                2   4.0469202328246254E-012
   92.699999999999008                2   4.0505837794101611E-012
   92.799999999999002                2   4.0567278635753520E-012
   92.899999999998997                2   4.0663366709585453E-012
   92.999999999998991                2   4.0733951697099970E-012
   93.099999999998985                2   4.0817398801371008E-012
   93.199999999998980                2   4.0898708773398002E-012
   93.299999999998974                2   4.0953096193353428E-012
   93.399999999998968                2   4.1050022854355269E-012
   93.499999999998963                2   4.1134889197139841E-012
   93.599999999998957                2   4.1192994369433536E-012
   93.699999999998951                2   4.1270397254984498E-012
   93.799999999998946                2   4.1334269219838534E-012
   93.899999999998940                2   4.1409170105372761E-012
   93.999999999998934                2   4.1511303889879938E-012
   94.099999999998929                2   4.1565777633861156E-012
   94.199999999998923                2   4.1658797134118699E-012
   94.299999999998917                2   4.1728660491624412E-012
   94.399999999998911                2   4.1825536987565346E-012
   94.499999999998906                2   4.1873582321573441E-012
   94.599999999998900                2   4.1961467756184494E-012
   94.699999999998894                2   4.2029625476554494E-012
   94.799999999998889                2   4.2110171045102717E-012
   94.899999999998883                2   4.2191851759677116E-012
   94.999999999998877                2   4.2277844179279573E-012
   95.099999999998872                2   4.2355408620328316E-012
   95.199999999998866                2   4.2424599632440094E-012
   95.299999999998860                2   4.2491799074116504E-012
   95.399999999998855                2   4.2568068683109039E-012
   95.499999999998849                2   4.2632873301217119E-012
   95.599999999998843                2   4.2719290799366436E-012
   95.699999999998838                2   4.2803656955327059E-012
   95.799999999998832                2   4.2887549238269285E-012
   95.899999999998826                2   4.2969408685798520E-012
   95.999999999998820                2   4.3030551794135103E-012
   96.099999999998815                2   4.3119306075068730E-012
   96.199999999998809                2   4.3201363964581868E-012
   96.299999999998803                2   4.3279864013696152E-012
   96.399999999998798                2   4.3340927397700426E-012
   96.499999999998792                2   4.3415491292336967E-012
   96.599999999998786                2   4.3492702478642393E-012
   96.699999999998781                2   4.3577147163910797E-012
   96.799999999998775                2   4.3658058844340813E-012
   96.899999999998769                2   4.3730875522588272E-012
   96.999999999998764                2   4.3838341919821815E-012
   97.099999999998758                2   4.3884380765118595E-012
   97.199999999998752                2   4.3969589218279858E-012
   97.299999999998747                2   4.4028571151190695E-012
   97.399999999998741                2   4.4144640317053474E-012
   97.499999999998735                2   4.4190714685844636E-012
   97.599999999998730                2   4.4301213526604940E-012
   97.699999999998724                2   4.4324012539481002E-012
   97.799999999998718                2   4.4406563470293275E-012
   97.899999999998712                2   4.4520066405885844E-012
   97.999999999998707                2   4.4580741165266556E-012
   98.099999999998701                2   4.4684243187904635E-012
   98.199999999998695                2   4.4744099008664657E-012
   98.299999999998690                2   4.4825840272543531E-012
   98.399999999998684                2   4.4923407903337211E-012
   98.499999999998678                2   4.4971721456279182E-012
   98.599999999998673                2   4.5052145064653173E-012
   98.699999999998667                2   4.5148298799770129E-012
   98.799999999998661                2   4.5233667956417066E-012
   98.899999999998656                2   4.5295140397837274E-012
   98.999999999998650                2   4.5388396170303509E-012
   99.099999999998644                2   4.5447613544062321E-012
   99.199999999998639                2   4.5542854935878867E-012
   99.299999999998633                2   4.5589669672393048E-012
   99.399999999998627                2   4.5702839472747469E-012
   99.499999999998622                2   4.5756140428268836E-012
   99.599999999998616                2   4.5850959597559491E-012
   99.699999999998610                2   4.5936635738484819E-012
   99.799999999998604                2   4.6016099432005432E-012
   99.899999999998599                2   4.6096559008569333E-012
   99.999999999998593                2   4.6163697341103571E-012
