  0.10000000000000001     
   50.100000000000442     
   100.09999999999859     
   150.09999999999576     
   200.09999999999292     
   250.09999999999008     
   300.09999999999974     
   350.10000000001111     
   400.10000000002248     
   450.10000000003384     
   500.10000000004521     
   550.10000000005653     
   600.10000000006789     
   650.10000000007926     
   700.10000000009063     
   750.10000000010200     
   800.10000000011337     
   850.10000000012474     
   900.10000000013611     
   950.10000000014747     
   1000.1000000001588     
   1050.1000000001404     
   1100.1000000000950     
   1150.1000000000495     
   1200.1000000000040     
   1250.0999999999585     
   1300.0999999999131     
   1350.0999999998676     
   1400.0999999998221     
   1450.0999999997766     
   1500.0999999997312     
   1550.0999999996857     
   1600.0999999996402     
   1650.0999999995947     
   1700.0999999995493     
   1750.0999999995038     
   1800.0999999994583     
   1850.0999999994128     
   1900.0999999993674     
   1950.0999999993219     
   2000.0999999992764     
   2050.0999999992309     
   2100.0999999991855     
   2150.0999999991400     
   2200.0999999990945     
